This is pdfTeX, Version 3.14159265-2.6-1.40.20 (MiKTeX 2.9.7140 64-bit) (preloaded format=pdflatex 2019.9.13)  19 FEB 2022 13:53
entering extended mode
**C:/Users/charf/Documents/GitHub/Dauntless/Whitesheets/debeersamerica.tex
(C:/Users/charf/Documents/GitHub/Dauntless/Whitesheets/debeersamerica.tex
LaTeX2e <2018-12-01>
(C:\Users\charf\Documents\GitHub\Dauntless\LaTeX\airship.cls
(C:\Users\charf\Documents\GitHub\Dauntless\LaTeX\airship_path.cls)
(C:/Users/charf/Documents/GitHub/Dauntless/LaTeX/gametex.sty
Document Class: airship 
  --- Flight of the Dauntless --- RUN 2, December 2nd, 2017 ---
\@multicount=\count80
\@mapbox=\box27
\@@@unique=\count81
\@jobcnt=\count82
("C:\Users\charf\AppData\Local\Programs\MiKTeX 2.9\tex/latex/base\article.cls"
Document Class: article 2018/09/03 v1.4i Standard LaTeX document class
("C:\Users\charf\AppData\Local\Programs\MiKTeX 2.9\tex/latex/base\size10.clo"
File: size10.clo 2018/09/03 v1.4i Standard LaTeX file (size option)
)
\c@part=\count83
\c@section=\count84
\c@subsection=\count85
\c@subsubsection=\count86
\c@paragraph=\count87
\c@subparagraph=\count88
\c@figure=\count89
\c@table=\count90
\abovecaptionskip=\skip41
\belowcaptionskip=\skip42
\bibindent=\dimen102
))) 
  Options: --> white 
  Packages: pslatex verbatim multicol comma multido pstcol graphicx lscape

("C:\Users\charf\AppData\Local\Programs\MiKTeX 2.9\tex/latex/pslatex\pslatex.st
y"
Package: pslatex 1996/07/24 v1.2 pslatex emulation (DPC)
LaTeX Font Info:    Redeclaring symbol font `operators' on input line 65.
LaTeX Font Info:    Overwriting symbol font `operators' in version `normal'
(Font)                  OT1/cmr/m/n --> OT1/ptmcm/m/n on input line 65.
LaTeX Font Info:    Overwriting symbol font `operators' in version `bold'
(Font)                  OT1/cmr/bx/n --> OT1/ptmcm/m/n on input line 65.
LaTeX Font Info:    Redeclaring symbol font `letters' on input line 66.
LaTeX Font Info:    Overwriting symbol font `letters' in version `normal'
(Font)                  OML/cmm/m/it --> OML/ptmcm/m/it on input line 66.
LaTeX Font Info:    Overwriting symbol font `letters' in version `bold'
(Font)                  OML/cmm/b/it --> OML/ptmcm/m/it on input line 66.
LaTeX Font Info:    Redeclaring symbol font `symbols' on input line 67.
LaTeX Font Info:    Overwriting symbol font `symbols' in version `normal'
(Font)                  OMS/cmsy/m/n --> OMS/pzccm/m/n on input line 67.
LaTeX Font Info:    Overwriting symbol font `symbols' in version `bold'
(Font)                  OMS/cmsy/b/n --> OMS/pzccm/m/n on input line 67.
LaTeX Font Info:    Redeclaring symbol font `largesymbols' on input line 68.
LaTeX Font Info:    Overwriting symbol font `largesymbols' in version `normal'
(Font)                  OMX/cmex/m/n --> OMX/psycm/m/n on input line 68.
LaTeX Font Info:    Overwriting symbol font `largesymbols' in version `bold'
(Font)                  OMX/cmex/m/n --> OMX/psycm/m/n on input line 68.
\symbold=\mathgroup4
\symitalic=\mathgroup5
LaTeX Font Info:    Redeclaring math alphabet \mathbf on input line 74.
LaTeX Font Info:    Overwriting math alphabet `\mathbf' in version `normal'
(Font)                  OT1/cmr/bx/n --> OT1/ptm/bx/n on input line 74.
LaTeX Font Info:    Overwriting math alphabet `\mathbf' in version `bold'
(Font)                  OT1/cmr/bx/n --> OT1/ptm/bx/n on input line 74.
LaTeX Font Info:    Redeclaring math alphabet \mathit on input line 75.
LaTeX Font Info:    Overwriting math alphabet `\mathit' in version `normal'
(Font)                  OT1/cmr/m/it --> OT1/ptm/m/it on input line 75.
LaTeX Font Info:    Overwriting math alphabet `\mathit' in version `bold'
(Font)                  OT1/cmr/bx/it --> OT1/ptm/m/it on input line 75.
) ("C:\Users\charf\AppData\Local\Programs\MiKTeX 2.9\tex/latex/tools\verbatim.s
ty"
Package: verbatim 2014/10/28 v1.5q LaTeX2e package for verbatim enhancements
\every@verbatim=\toks14
\verbatim@line=\toks15
\verbatim@in@stream=\read1
) ("C:\Users\charf\AppData\Local\Programs\MiKTeX 2.9\tex/latex/tools\multicol.s
ty"
Package: multicol 2018/12/27 v1.8v multicolumn formatting (FMi)
\c@tracingmulticols=\count91
\mult@box=\box28
\multicol@leftmargin=\dimen103
\c@unbalance=\count92
\c@collectmore=\count93
\doublecol@number=\count94
\multicoltolerance=\count95
\multicolpretolerance=\count96
\full@width=\dimen104
\page@free=\dimen105
\premulticols=\dimen106
\postmulticols=\dimen107
\multicolsep=\skip43
\multicolbaselineskip=\skip44
\partial@page=\box29
\last@line=\box30
\maxbalancingoverflow=\dimen108
\mult@rightbox=\box31
\mult@grightbox=\box32
\mult@gfirstbox=\box33
\mult@firstbox=\box34
\@tempa=\box35
\@tempa=\box36
\@tempa=\box37
\@tempa=\box38
\@tempa=\box39
\@tempa=\box40
\@tempa=\box41
\@tempa=\box42
\@tempa=\box43
\@tempa=\box44
\@tempa=\box45
\@tempa=\box46
\@tempa=\box47
\@tempa=\box48
\@tempa=\box49
\@tempa=\box50
\@tempa=\box51
\c@columnbadness=\count97
\c@finalcolumnbadness=\count98
\last@try=\dimen109
\multicolovershoot=\dimen110
\multicolundershoot=\dimen111
\mult@nat@firstbox=\box52
\colbreak@box=\box53
\mc@col@check@num=\count99
) ("C:\Users\charf\AppData\Local\Programs\MiKTeX 2.9\tex/latex/comma\comma.sty"
Package: comma 1997/12/15 v1.2 Insert commas every three digits (DPC)
)
("C:\Users\charf\AppData\Local\Programs\MiKTeX 2.9\tex/latex/multido\multido.st
y"
Package: multido 2004/05/17 package wrapper for PSTricks `multido.tex', (HV/RN)


("C:\Users\charf\AppData\Local\Programs\MiKTeX 2.9\tex/generic/multido\multido.
tex"  v1.42, 2010/05/14 <tvz>
\multido@count=\count100
\multidocount=\count101
\multido@stuff=\toks16
)
File: multido.tex 2010/05/14 v1.42 `multido' (tvz,hv)
)
("C:\Users\charf\AppData\Local\Programs\MiKTeX 2.9\tex/latex/pstricks\pstcol.st
y"
Package: pstcol 2007/04/11 v1.3 LaTeX wrapper for `PSTricks' (RN,HV)

Package pstcol Warning: ************************************ 
(pstcol)                The package `pstcol' is obsolet! 
(pstcol)                You should use `pstricks' directly: 
(pstcol)                    \usepackage{pstricks}
(pstcol)                ************************************.


("C:\Users\charf\AppData\Local\Programs\MiKTeX 2.9\tex/latex/pstricks\pstricks.
sty"
Package: pstricks 2018/12/21 v0.69 LaTeX wrapper for `PSTricks' (RN,HV)
("C:\Users\charf\AppData\Local\Programs\MiKTeX 2.9\tex/latex/iftex\iftex.sty"
Package: iftex 2013/04/04 v0.2 Provides if(tex) conditional for PDFTeX, XeTeX, 
and LuaTeX
) ("C:\Users\charf\AppData\Local\Programs\MiKTeX 2.9\tex/latex/tools\shellesc.s
ty"
Package: shellesc 2016/06/07 v0.02a unified shell escape interface for LaTeX
Package shellesc Info: Unrestricted shell escape enabled on input line 67.
) ("C:\Users\charf\AppData\Local\Programs\MiKTeX 2.9\tex/latex/graphics\color.s
ty"
Package: color 2016/07/10 v1.1e Standard LaTeX Color (DPC)

("C:\Users\charf\AppData\Local\Programs\MiKTeX 2.9\tex/latex/graphics-cfg\color
.cfg"
File: color.cfg 2016/01/02 v1.6 sample color configuration
)
Package color Info: Driver file: pdftex.def on input line 147.

("C:\Users\charf\AppData\Local\Programs\MiKTeX 2.9\tex/latex/graphics-def\pdfte
x.def"
File: pdftex.def 2018/01/08 v1.0l Graphics/color driver for pdftex
))
("C:\Users\charf\AppData\Local\Programs\MiKTeX 2.9\tex/generic/xkeyval\pst-xkey
.tex"
File: pst-xkey.tex 2005/11/25 v1.6 PSTricks specialization of xkeyval (HA)

("C:\Users\charf\AppData\Local\Programs\MiKTeX 2.9\tex/latex/xkeyval\xkeyval.st
y"
Package: xkeyval 2014/12/03 v2.7a package option processing (HA)

("C:\Users\charf\AppData\Local\Programs\MiKTeX 2.9\tex/generic/xkeyval\xkeyval.
tex"
("C:\Users\charf\AppData\Local\Programs\MiKTeX 2.9\tex/generic/xkeyval\xkvutils
.tex"
\XKV@toks=\toks17
\XKV@tempa@toks=\toks18

("C:\Users\charf\AppData\Local\Programs\MiKTeX 2.9\tex/generic/xkeyval\keyval.t
ex"))
\XKV@depth=\count102
File: xkeyval.tex 2014/12/03 v2.7a key=value parser (HA)
)))
("C:\Users\charf\AppData\Local\Programs\MiKTeX 2.9\tex/generic/pstricks\pstrick
s.tex"
("C:\Users\charf\AppData\Local\Programs\MiKTeX 2.9\tex/generic/pstricks\pst-fp.
tex" `pst-fp' v0.05, 2010/01/17 (hv)
\pstFP@xs=\count103
\pstFP@xia=\count104
\pstFP@xib=\count105
\pstFP@xfa=\count106
\pstFP@xfb=\count107
\pstFP@rega=\count108
\pstFP@regb=\count109
\pstFP@regs=\count110
\pstFP@times=\count111
)
("C:\Users\charf\AppData\Local\Programs\MiKTeX 2.9\tex/generic/pgf/utilities\pg
futil-common.tex"
\pgfutil@everybye=\toks19
\pgfutil@tempdima=\dimen112
\pgfutil@tempdimb=\dimen113

("C:\Users\charf\AppData\Local\Programs\MiKTeX 2.9\tex/generic/pgf/utilities\pg
futil-common-lists.tex"))
("C:\Users\charf\AppData\Local\Programs\MiKTeX 2.9\tex/generic/pgf/utilities\pg
fkeys.code.tex"
\pgfkeys@pathtoks=\toks20
\pgfkeys@temptoks=\toks21

("C:\Users\charf\AppData\Local\Programs\MiKTeX 2.9\tex/generic/pgf/utilities\pg
fkeysfiltered.code.tex"
\pgfkeys@tmptoks=\toks22
))
("C:\Users\charf\AppData\Local\Programs\MiKTeX 2.9\tex/generic/pgf/utilities\pg
ffor.code.tex"
Loading pgffor.code.tex

("C:\Users\charf\AppData\Local\Programs\MiKTeX 2.9\tex/generic/pgf/math\pgfmath
.code.tex"
("C:\Users\charf\AppData\Local\Programs\MiKTeX 2.9\tex/generic/pgf/math\pgfmath
calc.code.tex"
("C:\Users\charf\AppData\Local\Programs\MiKTeX 2.9\tex/generic/pgf/math\pgfmath
util.code.tex"
\pgf@x=\dimen114
\pgf@xa=\dimen115
\pgf@xb=\dimen116
\pgf@xc=\dimen117
\pgf@y=\dimen118
\pgf@ya=\dimen119
\pgf@yb=\dimen120
\pgf@yc=\dimen121
\c@pgf@counta=\count112
\c@pgf@countb=\count113
\c@pgf@countc=\count114
\c@pgf@countd=\count115
\pgfutil@tempcnta=\count116
\pgfutil@tempcntb=\count117
)
("C:\Users\charf\AppData\Local\Programs\MiKTeX 2.9\tex/generic/pgf/math\pgfmath
parser.code.tex"
\pgfmath@dimen=\dimen122
\pgfmath@count=\count118
\pgfmath@box=\box54
\pgfmath@toks=\toks23
\pgfmath@stack@operand=\toks24
\pgfmath@stack@operation=\toks25
)
("C:\Users\charf\AppData\Local\Programs\MiKTeX 2.9\tex/generic/pgf/math\pgfmath
functions.code.tex"
("C:\Users\charf\AppData\Local\Programs\MiKTeX 2.9\tex/generic/pgf/math\pgfmath
functions.basic.code.tex")
("C:\Users\charf\AppData\Local\Programs\MiKTeX 2.9\tex/generic/pgf/math\pgfmath
functions.trigonometric.code.tex")
("C:\Users\charf\AppData\Local\Programs\MiKTeX 2.9\tex/generic/pgf/math\pgfmath
functions.random.code.tex")
("C:\Users\charf\AppData\Local\Programs\MiKTeX 2.9\tex/generic/pgf/math\pgfmath
functions.comparison.code.tex")
("C:\Users\charf\AppData\Local\Programs\MiKTeX 2.9\tex/generic/pgf/math\pgfmath
functions.base.code.tex")
("C:\Users\charf\AppData\Local\Programs\MiKTeX 2.9\tex/generic/pgf/math\pgfmath
functions.round.code.tex")
("C:\Users\charf\AppData\Local\Programs\MiKTeX 2.9\tex/generic/pgf/math\pgfmath
functions.misc.code.tex")
("C:\Users\charf\AppData\Local\Programs\MiKTeX 2.9\tex/generic/pgf/math\pgfmath
functions.integerarithmetics.code.tex")))
("C:\Users\charf\AppData\Local\Programs\MiKTeX 2.9\tex/generic/pgf/math\pgfmath
float.code.tex"
\c@pgfmathroundto@lastzeros=\count119
))
\pgffor@iter=\dimen123
\pgffor@skip=\dimen124
\pgffor@stack=\toks26
\pgffor@toks=\toks27
)
\psLoopIndex=\count120
`PSTricks' v2.97  <2019/05/11> (tvz,hv)
\pst@dima=\dimen125
\pst@dimb=\dimen126
\pst@dimc=\dimen127
\pst@dimd=\dimen128
\pst@dimg=\dimen129
\pst@dimh=\dimen130
\pst@dimm=\dimen131
\pst@dimn=\dimen132
\pst@dimo=\dimen133
\pst@dimp=\dimen134
\pst@hbox=\box55
\pst@ibox=\box56
\pst@boxg=\box57
\pst@cnta=\count121
\pst@cntb=\count122
\pst@cntc=\count123
\pst@cntd=\count124
\pst@cntg=\count125
\pst@cnth=\count126
\pst@cntm=\count127
\pst@cntn=\count128
\pst@cnto=\count129
\pst@cntp=\count130
\@zero=\count131
\pst@toks=\toks28

("C:\Users\charf\AppData\Local\Programs\MiKTeX 2.9\tex/generic/pstricks\pstrick
s.con")
\psunit=\dimen135
\psxunit=\dimen136
\psyunit=\dimen137
\pst@C@@rType=\count132
\pslinewidth=\dimen138
\psk@startLW=\dimen139
\psk@endLW=\dimen140
\pst@customdefs=\toks29
\pslinearc=\dimen141
\pst@symbolStep=\dimen142
\pst@symbolWidth=\dimen143
\pst@symbolLinewidth=\dimen144
\everypsbox=\toks30
\psframesep=\dimen145
\pslabelsep=\dimen146
\sh@wgridXunit=\dimen147
\sh@wgridYunit=\dimen148
\pst@shift=\dimen149
)
File: pstricks.tex 2019/05/11 v2.97 `PSTricks' (tvz,hv)

("C:\Users\charf\AppData\Local\Programs\MiKTeX 2.9\tex/generic/pstricks\pst-fp.
tex")
File: pst-fp.tex 2019/05/11 v2.97 `PST-fp' (hv)
Package color Info: Redefining color darkgray on input line 178.
Package color Info: Redefining color gray on input line 178.
Package color Info: Redefining color lightgray on input line 178.
Package color Info: Redefining color black on input line 211.
Package color Info: Redefining color darkgray on input line 212.
Package color Info: Redefining color gray on input line 213.
Package color Info: Redefining color lightgray on input line 214.
Package color Info: Redefining color white on input line 215.
Package color Info: Redefining color red on input line 216.
Package color Info: Redefining color green on input line 217.
Package color Info: Redefining color blue on input line 218.
Package color Info: Redefining color yellow on input line 222.
Package color Info: Redefining color cyan on input line 223.
Package color Info: Redefining color magenta on input line 224.
))
("C:\Users\charf\AppData\Local\Programs\MiKTeX 2.9\tex/latex/graphics\graphicx.
sty"
Package: graphicx 2017/06/01 v1.1a Enhanced LaTeX Graphics (DPC,SPQR)

("C:\Users\charf\AppData\Local\Programs\MiKTeX 2.9\tex/latex/graphics\graphics.
sty"
Package: graphics 2017/06/25 v1.2c Standard LaTeX Graphics (DPC,SPQR)
("C:\Users\charf\AppData\Local\Programs\MiKTeX 2.9\tex/latex/graphics\trig.sty"
Package: trig 2016/01/03 v1.10 sin cos tan (DPC)
)
("C:\Users\charf\AppData\Local\Programs\MiKTeX 2.9\tex/latex/graphics-cfg\graph
ics.cfg"
File: graphics.cfg 2016/06/04 v1.11 sample graphics configuration
)
Package graphics Info: Driver file: pdftex.def on input line 99.
)
\Gin@req@height=\dimen150
\Gin@req@width=\dimen151
)
("C:\Users\charf\AppData\Local\Programs\MiKTeX 2.9\tex/latex/graphics\lscape.st
y"
Package: lscape 2000/10/22 v3.01 Landscape Pages (DPC)
)
(C:/Users/charf/Documents/GitHub/Dauntless/LaTeX/extraction.sty
\!toks=\toks31
)
(C:/Users/charf/Documents/GitHub/Dauntless/LaTeX/parsename.sty)
(C:/Users/charf/Documents/GitHub/Dauntless/LaTeX/datatypes.sty
\:count=\count133
\:toks=\toks32
)
(C:/Users/charf/Documents/GitHub/Dauntless/Lists/char-LIST.tex)
(C:/Users/charf/Documents/GitHub/Dauntless/Lists/place-LIST.tex)
(C:/Users/charf/Documents/GitHub/Dauntless/Lists/blue-LIST.tex)
(C:/Users/charf/Documents/GitHub/Dauntless/Lists/green-LIST.tex)
(C:/Users/charf/Documents/GitHub/Dauntless/Lists/abil-LIST.tex)
(C:/Users/charf/Documents/GitHub/Dauntless/Lists/combat-LIST.tex)
(C:/Users/charf/Documents/GitHub/Dauntless/Lists/mem-LIST.tex)
(C:/Users/charf/Documents/GitHub/Dauntless/Lists/item-LIST.tex)
(C:/Users/charf/Documents/GitHub/Dauntless/Lists/white-LIST.tex)
(C:/Users/charf/Documents/GitHub/Dauntless/Lists/notebook-LIST.tex)
(C:/Users/charf/Documents/GitHub/Dauntless/Lists/money-LIST.tex)
(C:/Users/charf/Documents/GitHub/Dauntless/Lists/sign-LIST.tex)
(C:/Users/charf/Documents/GitHub/Dauntless/Lists/subowner-LIST.tex)
(C:/Users/charf/Documents/GitHub/Dauntless/Lists/gm-LIST.tex)
(C:/Users/charf/Documents/GitHub/Dauntless/Lists/run8-LIST.tex)
("C:\Users\charf\AppData\Local\Programs\MiKTeX 2.9\tex/latex/fancyhdr\fancyhdr.
sty"
Package: fancyhdr 2019/01/31 v3.10 Extensive control of page headers and footer
s
\f@nch@headwidth=\skip45
\f@nch@O@elh=\skip46
\f@nch@O@erh=\skip47
\f@nch@O@olh=\skip48
\f@nch@O@orh=\skip49
\f@nch@O@elf=\skip50
\f@nch@O@erf=\skip51
\f@nch@O@olf=\skip52
\f@nch@O@orf=\skip53
) (C:\Users\charf\Documents\GitHub\Dauntless\LaTeX\doublespace.sty)
No file debeersamerica.aux.
\openout1 = `debeersamerica.aux'.

LaTeX Font Info:    Checking defaults for OML/cmm/m/it on input line 19.
LaTeX Font Info:    ... okay on input line 19.
LaTeX Font Info:    Checking defaults for T1/cmr/m/n on input line 19.
LaTeX Font Info:    ... okay on input line 19.
LaTeX Font Info:    Checking defaults for OT1/cmr/m/n on input line 19.
LaTeX Font Info:    ... okay on input line 19.
LaTeX Font Info:    Checking defaults for OMS/pzccm/m/n on input line 19.
LaTeX Font Info:    Try loading font information for OMS+pzccm on input line 19
.
("C:\Users\charf\AppData\Local\Programs\MiKTeX 2.9\tex/latex/psnfss\omspzccm.fd
"
File: omspzccm.fd 2000/01/03 Fontinst v1.801 font definitions for OMS/pzccm.
)
LaTeX Font Info:    ... okay on input line 19.
LaTeX Font Info:    Checking defaults for OMX/cmex/m/n on input line 19.
LaTeX Font Info:    ... okay on input line 19.
LaTeX Font Info:    Checking defaults for U/cmr/m/n on input line 19.
LaTeX Font Info:    ... okay on input line 19.

("C:\Users\charf\AppData\Local\Programs\MiKTeX 2.9\tex/context/base/mkii\supp-p
df.mkii"
[Loading MPS to PDF converter (version 2006.09.02).]
\scratchcounter=\count134
\scratchdimen=\dimen152
\scratchbox=\box58
\nofMPsegments=\count135
\nofMParguments=\count136
\everyMPshowfont=\toks33
\MPscratchCnt=\count137
\MPscratchDim=\dimen153
\MPnumerator=\count138
\makeMPintoPDFobject=\count139
\everyMPtoPDFconversion=\toks34
)
("C:\Users\charf\AppData\Local\Programs\MiKTeX 2.9\tex/latex/oberdiek\epstopdf-
base.sty"
Package: epstopdf-base 2016/05/15 v2.6 Base part for package epstopdf

("C:\Users\charf\AppData\Local\Programs\MiKTeX 2.9\tex/generic/oberdiek\infware
rr.sty"
Package: infwarerr 2016/05/16 v1.4 Providing info/warning/error messages (HO)
)
("C:\Users\charf\AppData\Local\Programs\MiKTeX 2.9\tex/latex/oberdiek\grfext.st
y"
Package: grfext 2016/05/16 v1.2 Manage graphics extensions (HO)

("C:\Users\charf\AppData\Local\Programs\MiKTeX 2.9\tex/generic/oberdiek\kvdefin
ekeys.sty"
Package: kvdefinekeys 2016/05/16 v1.4 Define keys (HO)

("C:\Users\charf\AppData\Local\Programs\MiKTeX 2.9\tex/generic/oberdiek\ltxcmds
.sty"
Package: ltxcmds 2016/05/16 v1.23 LaTeX kernel commands for general use (HO)
)))
("C:\Users\charf\AppData\Local\Programs\MiKTeX 2.9\tex/latex/oberdiek\kvoptions
.sty"
Package: kvoptions 2016/05/16 v3.12 Key value format for package options (HO)

("C:\Users\charf\AppData\Local\Programs\MiKTeX 2.9\tex/generic/oberdiek\kvsetke
ys.sty"
Package: kvsetkeys 2016/05/16 v1.17 Key value parser (HO)

("C:\Users\charf\AppData\Local\Programs\MiKTeX 2.9\tex/generic/oberdiek\etexcmd
s.sty"
Package: etexcmds 2016/05/16 v1.6 Avoid name clashes with e-TeX commands (HO)

("C:\Users\charf\AppData\Local\Programs\MiKTeX 2.9\tex/generic/oberdiek\ifluate
x.sty"
Package: ifluatex 2016/05/16 v1.4 Provides the ifluatex switch (HO)
Package ifluatex Info: LuaTeX not detected.
))))
("C:\Users\charf\AppData\Local\Programs\MiKTeX 2.9\tex/generic/oberdiek\pdftexc
mds.sty"
Package: pdftexcmds 2019/07/25 v0.30 Utility functions of pdfTeX for LuaTeX (HO
)

("C:\Users\charf\AppData\Local\Programs\MiKTeX 2.9\tex/generic/oberdiek\ifpdf.s
ty"
Package: ifpdf 2018/09/07 v3.3 Provides the ifpdf switch
)
Package pdftexcmds Info: LuaTeX not detected.
Package pdftexcmds Info: \pdf@primitive is available.
Package pdftexcmds Info: \pdf@ifprimitive is available.
Package pdftexcmds Info: \pdfdraftmode found.
)
Package epstopdf-base Info: Redefining graphics rule for `.eps' on input line 4
38.
Package grfext Info: Graphics extension search list:
(grfext)             [.pdf,.png,.jpg,.mps,.jpeg,.jbig2,.jb2,.PDF,.PNG,.JPG,.JPE
G,.JBIG2,.JB2,.eps]
(grfext)             \AppendGraphicsExtensions on input line 456.
) [1
Non-PDF special ignored!
<special> header=pstricks.pro
Non-PDF special ignored!
<special> header=pst-algparser.pro
Non-PDF special ignored!
<special> header=pst-tools.pro
Non-PDF special ignored!
<special> header=pst-dots.pro
{C:/Users/charf/AppData/Local/MiKTeX/2.9/pdftex/config/pdftex.map}


Non-PDF special ignored!
<special> ps: /pssetRGBcolor /setrgbcolor load def /pssetCMYKcolor /setcmyk...
Non-PDF special ignored!
<special> ps:tx@Dict begin  gsave STV CP T /ps@rot 0 def grestore  end
Non-PDF special ignored!
<special> ps:tx@Dict begin  gsave STV CP T /ps@refangle 0.  def grestore  e...
Non-PDF special ignored!
<special> header="C:/Users/charf/Documents/GitHub/Dauntless"/Postscript/dup...
] (debeersamerica.aux) ) 
Here is how much of TeX's memory you used:
 12493 strings out of 492895
 187833 string characters out of 3123735
 306357 words of memory out of 3000000
 16221 multiletter control sequences out of 15000+200000
 9100 words of font info for 21 fonts, out of 3000000 for 9000
 1141 hyphenation exceptions out of 8191
 50i,11n,45p,790b,392s stack positions out of 5000i,500n,10000p,200000b,50000s
{C:/Users/charf/AppData/Local/Programs/MiKTeX 2.9/fonts
/enc/dvips/base/8r.enc}<C:/Users/charf/AppData/Local/Programs/MiKTeX 2.9/fonts/
type1/urw/times/utmr8a.pfb><C:/Users/charf/AppData/Local/Programs/MiKTeX 2.9/fo
nts/type1/urw/times/utmri8a.pfb>
Output written on debeersamerica.pdf (1 page, 29951 bytes).
PDF statistics:
 15 PDF objects out of 1000 (max. 8388607)
 0 named destinations out of 1000 (max. 500000)
 1 words of extra memory for PDF output out of 10000 (max. 10000000)

